<?xml version="1.0" encoding="UTF-8"?>
<!-- Generated by org.testng.reporters.JUnitXMLReporter -->
<testsuite ignored="1" hostname="LAPTOP-UMJHD2B3" failures="0" tests="12" name="Test 2" time="0.17" errors="0" timestamp="2024-12-23T00:19:47 IST">
  <testcase classname="testNG.prac.SecondTest" name="function1" time="0.016"/>
  <testcase classname="testNG.prac.SecondTest" name="function1" time="0.015"/>
  <testcase classname="testNG.prac.FirstTest" name="operation1" time="0.004"/>
  <testcase classname="testNG.prac.FirstTest" name="operation1" time="0.01"/>
  <testcase classname="testNG.prac.SecondTest" name="function2" time="0.015"/>
  <testcase classname="testNG.prac.SecondTest" name="function2" time="0.004"/>
  <testcase classname="testNG.prac.FirstTest" name="operation2" time="0.011"/>
  <testcase classname="testNG.prac.FirstTest" name="operation2" time="0.01"/>
  <testcase classname="testNG.prac.SecondTest" name="function3" time="0.004"/>
  <testcase classname="testNG.prac.SecondTest" name="function3" time="0.005"/>
  <testcase classname="testNG.prac.FirstTest" name="operation3" time="0.006"/>
  <testcase classname="testNG.prac.FirstTest" name="operation3" time="0.003"/>
  <testcase classname="testNG.prac.FirstTest" name="dummyMethod" time="0.0">
    <ignored/>
  </testcase> <!-- dummyMethod -->
</testsuite> <!-- Test 2 -->
