<?xml version="1.0" encoding="UTF-8"?>
<!-- Generated by org.testng.reporters.JUnitXMLReporter -->
<testsuite ignored="0" hostname="LAPTOP-UMJHD2B3" failures="0" tests="3" name="Test" time="79.656" errors="0" timestamp="2025-01-01T18:52:00 IST">
  <testcase classname="testNG.prac.TestNGparameters" name="inherit" time="0.014"/>
  <testcase classname="testNG.prac.TestNGparameters" name="operation" time="11.494"/>
  <testcase classname="testNG.prac.TestNGparameters" name="operation" time="4.469"/>
</testsuite> <!-- Test -->
