<?xml version="1.0" encoding="UTF-8"?>
<!-- Generated by org.testng.reporters.JUnitXMLReporter -->
<testsuite ignored="0" hostname="LAPTOP-UMJHD2B3" failures="0" tests="1" name="Test2" time="0.02" errors="0" timestamp="2024-12-26T20:04:45 IST">
  <testcase classname="testNG.prac.TestNGparameters" name="@BeforeMethod beforeMethod" time="0.001">
    <failure type="java.lang.NullPointerException" message="Cannot invoke &amp;quot;String.equalsIgnoreCase(String)&amp;quot; because the return value of &amp;quot;java.util.Properties.getProperty(String)&amp;quot; is null">
      <![CDATA[java.lang.NullPointerException: Cannot invoke "String.equalsIgnoreCase(String)" because the return value of "java.util.Properties.getProperty(String)" is null
at automate.prac.BaseTest.openbrowser(BaseTest.java:37)
at testNG.prac.TestNGparameters.beforeMethod(TestNGparameters.java:21)
at java.base/java.util.ArrayList.forEach(ArrayList.java:1511)
... Removed 31 stack frames]]>
    </failure>
  </testcase> <!-- @BeforeMethod beforeMethod -->
  <testcase classname="testNG.prac.TestNGparameters" name="@AfterMethod afterMethod" time="-1.735223685377E9">
    <skipped/>
  </testcase> <!-- @AfterMethod afterMethod -->
  <testcase classname="testNG.prac.TestNGparameters" name="operation" time="0.0">
    <skipped/>
  </testcase> <!-- operation -->
</testsuite> <!-- Test2 -->
