<?xml version="1.0" encoding="UTF-8"?>
<!-- Generated by org.testng.reporters.JUnitXMLReporter -->
<testsuite ignored="0" hostname="LAPTOP-UMJHD2B3" failures="0" tests="3" name="Default test" time="0.067" errors="0" timestamp="2025-01-04T17:03:42 IST">
  <testcase classname="testNG.prac.DataProviderdemo" name="f" time="0.008"/>
  <testcase classname="testNG.prac.DataProviderdemo" name="f" time="0.002"/>
  <testcase classname="testNG.prac.DataProviderdemo" name="f" time="0.001"/>
</testsuite> <!-- Default test -->
